Using pre-set license
Built from '2020.3/staging' branch; Version is '2020.3.0f1 (c7b5465681fb) revision 13088070'; Using compiler version '192528614'; Build Type 'Release'
OS: 'Windows 10 Pro N; OS build 22631.2715; Version 2009; 64bit' Language: 'en' Physical Memory: 49077 MB
BatchMode: 1, IsHumanControllingUs: 0, StartBugReporterOnCrash: 0, Is64bit: 1, IsPro: 0

 COMMAND LINE ARGUMENTS:
C:\Users\joys_\Desktop\Unity\Editor\Unity.exe
-adb2
-batchMode
-noUpm
-name
AssetImportWorker0
-projectPath
C:/Users/joys_/Documents/GitHub/Group_Iceolatedfr
-logFile
Logs/AssetImportWorker0.log
-srvPort
52698
Successfully changed project path to: C:/Users/joys_/Documents/GitHub/Group_Iceolatedfr
C:/Users/joys_/Documents/GitHub/Group_Iceolatedfr
Using Asset Import Pipeline V2.
Refreshing native plugins compatible for Editor in 85.10 ms, found 1 plugins.
Preloading 0 native plugins for Editor in 0.00 ms.
Initialize engine version: 2020.3.0f1 (c7b5465681fb)
[Subsystems] Discovering subsystems at path C:/Users/joys_/Desktop/Unity/Editor/Data/Resources/UnitySubsystems
[Subsystems] Discovering subsystems at path C:/Users/joys_/Documents/GitHub/Group_Iceolatedfr/Assets
GfxDevice: creating device client; threaded=0
Direct3D:
    Version:  Direct3D 11.0 [level 11.1]
    Renderer: Radeon RX 580 Series (ID=0x67df)
    Vendor:   
    VRAM:     8170 MB
    Driver:   31.0.14057.5006
Initialize mono
Mono path[0] = 'C:/Users/joys_/Desktop/Unity/Editor/Data/Managed'
Mono path[1] = 'C:/Users/joys_/Desktop/Unity/Editor/Data/MonoBleedingEdge/lib/mono/unityjit'
Mono config path = 'C:/Users/joys_/Desktop/Unity/Editor/Data/MonoBleedingEdge/etc'
Using monoOptions --debugger-agent=transport=dt_socket,embedding=1,server=y,suspend=n,address=127.0.0.1:56496
Begin MonoManager ReloadAssembly
Registering precompiled unity dll's ...
Register platform support module: C:/Users/joys_/Desktop/Unity/Editor/Data/PlaybackEngines/WindowsStandaloneSupport/UnityEditor.WindowsStandalone.Extensions.dll
Registered in 0.001708 seconds.
Native extension for WindowsStandalone target not found
Refreshing native plugins compatible for Editor in 77.19 ms, found 1 plugins.
Preloading 0 native plugins for Editor in 0.00 ms.
Invoked RoslynAnalysisRunner static constructor.
RoslynAnalysisRunner will not be running.
RoslynAnalysisRunner has terminated.
Mono: successfully reloaded assembly
- Completed reload, in  0.999 seconds
Platform modules already initialized, skipping
Registering precompiled user dll's ...
Registered in 0.001493 seconds.
Begin MonoManager ReloadAssembly
Native extension for WindowsStandalone target not found
Refreshing native plugins compatible for Editor in 78.37 ms, found 1 plugins.
Preloading 0 native plugins for Editor in 0.00 ms.
Invoked RoslynAnalysisRunner static constructor.
RoslynAnalysisRunner will not be running.
RoslynAnalysisRunner has terminated.
Mono: successfully reloaded assembly
- Completed reload, in  0.905 seconds
Platform modules already initialized, skipping
========================================================================
Worker process is ready to serve import requests
Launched and connected shader compiler UnityShaderCompiler.exe after 0.04 seconds
Refreshing native plugins compatible for Editor in 0.97 ms, found 1 plugins.
Preloading 0 native plugins for Editor in 0.00 ms.
Unloading 1973 Unused Serialized files (Serialized files now loaded: 0)
System memory in use before: 94.1 MB.
System memory in use after: 94.2 MB.

Unloading 20 unused Assets to reduce memory usage. Loaded Objects now: 2422.
Total: 2.021700 ms (FindLiveObjects: 0.288800 ms CreateObjectMapping: 0.046000 ms MarkObjects: 1.621700 ms  DeleteObjects: 0.064200 ms)

========================================================================
Received Import Request.
  path: Assets/Scenes 1/ExitHouse.unity
  artifactKey: Guid(5273e99654ab10e4e8902a4170dd4724) Importer(815301076,1909f56bfc062723c751e8b465ee728b)
Start importing Assets/Scenes 1/ExitHouse.unity using Guid(5273e99654ab10e4e8902a4170dd4724) Importer(815301076,1909f56bfc062723c751e8b465ee728b)  -> (artifact id: '9c6505e2c0e2073d95c442d7974b3b8a') in 0.016488 seconds
  Import took 0.020021 seconds .

========================================================================
Received Import Request.
  Time since last request: 1.047744 seconds.
  path: Assets/Scenes 1/ExitHouse.unity
  artifactKey: Guid(5273e99654ab10e4e8902a4170dd4724) Importer(815301076,1909f56bfc062723c751e8b465ee728b)
Start importing Assets/Scenes 1/ExitHouse.unity using Guid(5273e99654ab10e4e8902a4170dd4724) Importer(815301076,1909f56bfc062723c751e8b465ee728b)  -> (artifact id: '9c6505e2c0e2073d95c442d7974b3b8a') in 0.003404 seconds
  Import took 0.008461 seconds .

========================================================================
Received Prepare
Refreshing native plugins compatible for Editor in 2.95 ms, found 1 plugins.
Preloading 0 native plugins for Editor in 0.00 ms.
Unloading 5 Unused Serialized files (Serialized files now loaded: 0)
System memory in use before: 53.9 MB.
System memory in use after: 54.0 MB.

Unloading 5 unused Assets to reduce memory usage. Loaded Objects now: 2422.
Total: 2.267900 ms (FindLiveObjects: 0.250600 ms CreateObjectMapping: 0.042100 ms MarkObjects: 1.957200 ms  DeleteObjects: 0.017000 ms)

========================================================================
Received Import Request.
  Time since last request: 5.593524 seconds.
  path: Assets/Scenes 1/Village.unity
  artifactKey: Guid(156901fe736c8b64b89d3aa70b525661) Importer(815301076,1909f56bfc062723c751e8b465ee728b)
Start importing Assets/Scenes 1/Village.unity using Guid(156901fe736c8b64b89d3aa70b525661) Importer(815301076,1909f56bfc062723c751e8b465ee728b)  -> (artifact id: 'a2ff662dd84ce20d677822c519273395') in 0.004025 seconds
  Import took 0.008131 seconds .

========================================================================
Received Import Request.
  Time since last request: 1.184856 seconds.
  path: Assets/Scenes 1/InsideBuilding.unity
  artifactKey: Guid(1c9702c87c0cb5f4baefac79843ae551) Importer(815301076,1909f56bfc062723c751e8b465ee728b)
Start importing Assets/Scenes 1/InsideBuilding.unity using Guid(1c9702c87c0cb5f4baefac79843ae551) Importer(815301076,1909f56bfc062723c751e8b465ee728b)  -> (artifact id: 'be3ead3928eb93823e86ba18b05ddad4') in 0.008028 seconds
  Import took 0.011657 seconds .

========================================================================
Received Import Request.
  Time since last request: 0.001346 seconds.
  path: Assets/Scenes 1/InsideBuilding.unity
  artifactKey: Guid(1c9702c87c0cb5f4baefac79843ae551) Importer(815301076,1909f56bfc062723c751e8b465ee728b)
Start importing Assets/Scenes 1/InsideBuilding.unity using Guid(1c9702c87c0cb5f4baefac79843ae551) Importer(815301076,1909f56bfc062723c751e8b465ee728b)  -> (artifact id: 'be3ead3928eb93823e86ba18b05ddad4') in 0.002764 seconds
  Import took 0.006352 seconds .

========================================================================
Received Prepare
Registering precompiled user dll's ...
Registered in 0.001644 seconds.
Begin MonoManager ReloadAssembly
Native extension for WindowsStandalone target not found
Refreshing native plugins compatible for Editor in 1.44 ms, found 1 plugins.
Preloading 0 native plugins for Editor in 0.00 ms.
Invoked RoslynAnalysisRunner static constructor.
RoslynAnalysisRunner will not be running.
RoslynAnalysisRunner has terminated.
Mono: successfully reloaded assembly
- Completed reload, in  0.780 seconds
Platform modules already initialized, skipping
Refreshing native plugins compatible for Editor in 1.71 ms, found 1 plugins.
Preloading 0 native plugins for Editor in 0.00 ms.
Unloading 1948 Unused Serialized files (Serialized files now loaded: 0)
System memory in use before: 92.6 MB.
System memory in use after: 92.7 MB.

Unloading 8 unused Assets to reduce memory usage. Loaded Objects now: 2426.
Total: 2.540600 ms (FindLiveObjects: 0.670700 ms CreateObjectMapping: 0.063800 ms MarkObjects: 1.784000 ms  DeleteObjects: 0.020800 ms)

========================================================================
Received Prepare
Registering precompiled user dll's ...
Registered in 0.001537 seconds.
Begin MonoManager ReloadAssembly
Native extension for WindowsStandalone target not found
Refreshing native plugins compatible for Editor in 1.05 ms, found 1 plugins.
Preloading 0 native plugins for Editor in 0.00 ms.
Invoked RoslynAnalysisRunner static constructor.
RoslynAnalysisRunner will not be running.
RoslynAnalysisRunner has terminated.
Mono: successfully reloaded assembly
- Completed reload, in  0.789 seconds
Platform modules already initialized, skipping
Refreshing native plugins compatible for Editor in 1.31 ms, found 1 plugins.
Preloading 0 native plugins for Editor in 0.00 ms.
Unloading 1948 Unused Serialized files (Serialized files now loaded: 0)
System memory in use before: 92.6 MB.
System memory in use after: 92.7 MB.

Unloading 8 unused Assets to reduce memory usage. Loaded Objects now: 2430.
Total: 2.762300 ms (FindLiveObjects: 0.510700 ms CreateObjectMapping: 0.065300 ms MarkObjects: 2.158800 ms  DeleteObjects: 0.025600 ms)

========================================================================
Received Prepare
Registering precompiled user dll's ...
Registered in 0.001365 seconds.
Begin MonoManager ReloadAssembly
Native extension for WindowsStandalone target not found
Refreshing native plugins compatible for Editor in 0.98 ms, found 1 plugins.
Preloading 0 native plugins for Editor in 0.00 ms.
Invoked RoslynAnalysisRunner static constructor.
RoslynAnalysisRunner will not be running.
RoslynAnalysisRunner has terminated.
Mono: successfully reloaded assembly
- Completed reload, in  0.804 seconds
Platform modules already initialized, skipping
Refreshing native plugins compatible for Editor in 0.96 ms, found 1 plugins.
Preloading 0 native plugins for Editor in 0.00 ms.
Unloading 1948 Unused Serialized files (Serialized files now loaded: 0)
System memory in use before: 92.6 MB.
System memory in use after: 92.7 MB.

Unloading 8 unused Assets to reduce memory usage. Loaded Objects now: 2434.
Total: 1.908900 ms (FindLiveObjects: 0.266100 ms CreateObjectMapping: 0.043000 ms MarkObjects: 1.581200 ms  DeleteObjects: 0.017000 ms)

